[   126.724] (--) Log file renamed from "/home/osboxes/.local/share/xorg/Xorg.pid-1340.log" to "/home/osboxes/.local/share/xorg/Xorg.0.log"
[   126.725] 
X.Org X Server 1.19.6
Release Date: 2017-12-20
[   126.725] X Protocol Version 11, Revision 0
[   126.725] Build Operating System: Linux 4.4.0-119-generic x86_64 Ubuntu
[   126.725] Current Operating System: Linux osboxes 4.15.0-29-generic #31-Ubuntu SMP Tue Jul 17 15:39:52 UTC 2018 x86_64
[   126.725] Kernel command line: BOOT_IMAGE=/vmlinuz-4.15.0-29-generic root=UUID=4da6a147-d72f-4716-be6c-167fbec7562b ro quiet splash
[   126.725] Build Date: 13 April 2018  08:07:36PM
[   126.726] xorg-server 2:1.19.6-1ubuntu4 (For technical support please see http://www.ubuntu.com/support) 
[   126.726] Current version of pixman: 0.34.0
[   126.726] 	Before reporting problems, check http://wiki.x.org
	to make sure that you have the latest version.
[   126.726] Markers: (--) probed, (**) from config file, (==) default setting,
	(++) from command line, (!!) notice, (II) informational,
	(WW) warning, (EE) error, (NI) not implemented, (??) unknown.
[   126.726] (==) Log file: "/home/osboxes/.local/share/xorg/Xorg.0.log", Time: Sun Sep  2 07:45:58 2018
[   126.799] (==) Using system config directory "/usr/share/X11/xorg.conf.d"
[   127.046] (==) No Layout section.  Using the first Screen section.
[   127.046] (==) No screen section available. Using defaults.
[   127.046] (**) |-->Screen "Default Screen Section" (0)
[   127.046] (**) |   |-->Monitor "<default monitor>"
[   127.061] (==) No monitor specified for screen "Default Screen Section".
	Using a default monitor configuration.
[   127.061] (==) Automatically adding devices
[   127.061] (==) Automatically enabling devices
[   127.061] (==) Automatically adding GPU devices
[   127.061] (==) Automatically binding GPU devices
[   127.061] (==) Max clients allowed: 256, resource mask: 0x1fffff
[   127.061] (WW) The directory "/usr/share/fonts/X11/cyrillic" does not exist.
[   127.061] 	Entry deleted from font path.
[   127.061] (WW) The directory "/usr/share/fonts/X11/100dpi/" does not exist.
[   127.061] 	Entry deleted from font path.
[   127.061] (WW) The directory "/usr/share/fonts/X11/75dpi/" does not exist.
[   127.061] 	Entry deleted from font path.
[   127.061] (WW) The directory "/usr/share/fonts/X11/100dpi" does not exist.
[   127.061] 	Entry deleted from font path.
[   127.061] (WW) The directory "/usr/share/fonts/X11/75dpi" does not exist.
[   127.061] 	Entry deleted from font path.
[   127.061] (==) FontPath set to:
	/usr/share/fonts/X11/misc,
	/usr/share/fonts/X11/Type1,
	built-ins
[   127.061] (==) ModulePath set to "/usr/lib/xorg/modules"
[   127.062] (II) The server relies on udev to provide the list of input devices.
	If no devices become available, reconfigure udev or disable AutoAddDevices.
[   127.068] (II) Loader magic: 0x557fac606020
[   127.068] (II) Module ABI versions:
[   127.068] 	X.Org ANSI C Emulation: 0.4
[   127.068] 	X.Org Video Driver: 23.0
[   127.068] 	X.Org XInput driver : 24.1
[   127.068] 	X.Org Server Extension : 10.0
[   127.071] (++) using VT number 2

[   127.091] (II) systemd-logind: took control of session /org/freedesktop/login1/session/_32
[   127.092] (II) xfree86: Adding drm device (/dev/dri/card0)
[   127.101] (II) systemd-logind: got fd for /dev/dri/card0 226:0 fd 12 paused 0
[   127.121] (--) PCI:*(0:0:2:0) 80ee:beef:0000:0000 rev 0, Mem @ 0xe0000000/16777216, BIOS @ 0x????????/131072
[   127.121] (II) LoadModule: "glx"
[   127.287] (II) Loading /usr/lib/xorg/modules/extensions/libglx.so
[   127.325] (II) Module glx: vendor="X.Org Foundation"
[   127.325] 	compiled for 1.19.6, module version = 1.0.0
[   127.327] 	ABI class: X.Org Server Extension, version 10.0
[   127.328] (==) Matched vboxvideo as autoconfigured driver 0
[   127.330] (==) Matched vboxvideo as autoconfigured driver 1
[   127.330] (==) Matched modesetting as autoconfigured driver 2
[   127.330] (==) Matched fbdev as autoconfigured driver 3
[   127.330] (==) Matched vesa as autoconfigured driver 4
[   127.330] (==) Assigned the driver to the xf86ConfigLayout
[   127.330] (II) LoadModule: "vboxvideo"
[   127.388] (WW) Warning, couldn't open module vboxvideo
[   127.388] (II) UnloadModule: "vboxvideo"
[   127.388] (II) Unloading vboxvideo
[   127.388] (EE) Failed to load module "vboxvideo" (module does not exist, 0)
[   127.388] (II) LoadModule: "modesetting"
[   127.391] (II) Loading /usr/lib/xorg/modules/drivers/modesetting_drv.so
[   127.412] (II) Module modesetting: vendor="X.Org Foundation"
[   127.412] 	compiled for 1.19.6, module version = 1.19.6
[   127.412] 	Module class: X.Org Video Driver
[   127.412] 	ABI class: X.Org Video Driver, version 23.0
[   127.412] (II) LoadModule: "fbdev"
[   127.413] (II) Loading /usr/lib/xorg/modules/drivers/fbdev_drv.so
[   127.423] (II) Module fbdev: vendor="X.Org Foundation"
[   127.423] 	compiled for 1.19.3, module version = 0.4.4
[   127.423] 	Module class: X.Org Video Driver
[   127.423] 	ABI class: X.Org Video Driver, version 23.0
[   127.423] (II) LoadModule: "vesa"
[   127.423] (II) Loading /usr/lib/xorg/modules/drivers/vesa_drv.so
[   127.485] (II) Module vesa: vendor="X.Org Foundation"
[   127.485] 	compiled for 1.19.3, module version = 2.3.4
[   127.485] 	Module class: X.Org Video Driver
[   127.486] 	ABI class: X.Org Video Driver, version 23.0
[   127.486] (==) Matched vboxvideo as autoconfigured driver 0
[   127.486] (==) Matched vboxvideo as autoconfigured driver 1
[   127.486] (==) Matched modesetting as autoconfigured driver 2
[   127.486] (==) Matched fbdev as autoconfigured driver 3
[   127.486] (==) Matched vesa as autoconfigured driver 4
[   127.486] (==) Assigned the driver to the xf86ConfigLayout
[   127.486] (II) LoadModule: "vboxvideo"
[   127.487] (WW) Warning, couldn't open module vboxvideo
[   127.487] (II) UnloadModule: "vboxvideo"
[   127.487] (II) Unloading vboxvideo
[   127.487] (EE) Failed to load module "vboxvideo" (module does not exist, 0)
[   127.487] (II) LoadModule: "modesetting"
[   127.487] (II) Loading /usr/lib/xorg/modules/drivers/modesetting_drv.so
[   127.487] (II) Module modesetting: vendor="X.Org Foundation"
[   127.487] 	compiled for 1.19.6, module version = 1.19.6
[   127.487] 	Module class: X.Org Video Driver
[   127.487] 	ABI class: X.Org Video Driver, version 23.0
[   127.487] (II) UnloadModule: "modesetting"
[   127.487] (II) Unloading modesetting
[   127.487] (II) Failed to load module "modesetting" (already loaded, 0)
[   127.487] (II) LoadModule: "fbdev"
[   127.490] (II) Loading /usr/lib/xorg/modules/drivers/fbdev_drv.so
[   127.490] (II) Module fbdev: vendor="X.Org Foundation"
[   127.490] 	compiled for 1.19.3, module version = 0.4.4
[   127.491] 	Module class: X.Org Video Driver
[   127.491] 	ABI class: X.Org Video Driver, version 23.0
[   127.491] (II) UnloadModule: "fbdev"
[   127.491] (II) Unloading fbdev
[   127.491] (II) Failed to load module "fbdev" (already loaded, 0)
[   127.491] (II) LoadModule: "vesa"
[   127.491] (II) Loading /usr/lib/xorg/modules/drivers/vesa_drv.so
[   127.491] (II) Module vesa: vendor="X.Org Foundation"
[   127.491] 	compiled for 1.19.3, module version = 2.3.4
[   127.491] 	Module class: X.Org Video Driver
[   127.491] 	ABI class: X.Org Video Driver, version 23.0
[   127.491] (II) UnloadModule: "vesa"
[   127.491] (II) Unloading vesa
[   127.491] (II) Failed to load module "vesa" (already loaded, 0)
[   127.491] (II) modesetting: Driver for Modesetting Kernel Drivers: kms
[   127.504] (II) FBDEV: driver for framebuffer: fbdev
[   127.504] (II) VESA: driver for VESA chipsets: vesa
[   127.512] xf86EnableIOPorts: failed to set IOPL for I/O (Operation not permitted)
[   127.512] (II) modeset(0): using drv /dev/dri/card0
[   127.512] (WW) Falling back to old probe method for fbdev
[   127.512] (II) Loading sub module "fbdevhw"
[   127.512] (II) LoadModule: "fbdevhw"
[   127.513] (II) Loading /usr/lib/xorg/modules/libfbdevhw.so
[   127.524] (II) Module fbdevhw: vendor="X.Org Foundation"
[   127.524] 	compiled for 1.19.6, module version = 0.0.2
[   127.524] 	ABI class: X.Org Video Driver, version 23.0
[   127.524] (EE) open /dev/fb0: Permission denied
[   127.524] (WW) Falling back to old probe method for vesa
[   127.524] (WW) VGA arbiter: cannot open kernel arbiter, no multi-card support
[   127.524] (II) modeset(0): Creating default Display subsection in Screen section
	"Default Screen Section" for depth/fbbpp 24/32
[   127.524] (==) modeset(0): Depth 24, (==) framebuffer bpp 32
[   127.524] (==) modeset(0): RGB weight 888
[   127.524] (==) modeset(0): Default visual is TrueColor
[   127.525] (II) Loading sub module "glamoregl"
[   127.525] (II) LoadModule: "glamoregl"
[   127.525] (II) Loading /usr/lib/xorg/modules/libglamoregl.so
[   127.602] (II) Module glamoregl: vendor="X.Org Foundation"
[   127.602] 	compiled for 1.19.6, module version = 1.0.0
[   127.602] 	ABI class: X.Org ANSI C Emulation, version 0.4
[   127.602] (II) glamor: OpenGL accelerated X.org driver based.
[   127.901] (II) glamor: EGL version 1.4 (DRI2):
[   127.902] EGL_MESA_drm_image required.
[   127.906] (EE) modeset(0): glamor initialization failed
[   127.907] (II) modeset(0): ShadowFB: preferred NO, enabled NO
[   127.916] (II) modeset(0): Output VGA-1 has no monitor section
[   127.923] (II) modeset(0): EDID for output VGA-1
[   127.934] (II) modeset(0): Manufacturer: VBX  Model: 0  Serial#: 43451734
[   127.937] (II) modeset(0): Year: 1990  Week: 1
[   127.940] (II) modeset(0): EDID Version: 1.3
[   127.940] (II) modeset(0): Digital Display Input
[   127.941] (II) modeset(0): Indeterminate output size
[   127.941] (II) modeset(0): Gamma: 2.20
[   127.941] (II) modeset(0): DPMS capabilities: StandBy Suspend Off
[   127.942] (II) modeset(0): Supported color encodings: RGB 4:4:4 YCrCb 4:4:4 
[   127.942] (II) modeset(0): Default color space is primary color space
[   127.942] (II) modeset(0): First detailed timing is preferred mode
[   127.942] (II) modeset(0): redX: 0.640 redY: 0.330   greenX: 0.300 greenY: 0.600
[   127.942] (II) modeset(0): blueX: 0.150 blueY: 0.060   whiteX: 0.312 whiteY: 0.329
[   127.942] (II) modeset(0): Manufacturer's mask: 0
[   127.942] (II) modeset(0): Supported detailed timing:
[   127.942] (II) modeset(0): clock: 55.1 MHz   Image Size:  0 x 0 mm
[   127.942] (II) modeset(0): h_active: 1366  h_sync: 1368  h_sync_end 1370 h_blank_end 1372 h_border: 0
[   127.942] (II) modeset(0): v_active: 663  v_sync: 663  v_sync_end 697 v_blanking: 669 v_border: 0
[   127.942] (II) modeset(0): Ranges: V min: 0 V max: 200 Hz, H min: 0 H max: 200 kHz, PixClock max 1005 MHz
[   127.942] (II) modeset(0): Monitor name: VBOX monitor
[   127.942] (II) modeset(0): EDID (in hex):
[   127.942] (II) modeset(0): 	00ffffffffffff005858000056059702
[   127.943] (II) modeset(0): 	0100010380000078eeee91a3544c9926
[   127.943] (II) modeset(0): 	0f505400000001010101010101010101
[   127.943] (II) modeset(0): 	01010101010183155606509706200202
[   127.943] (II) modeset(0): 	0202000000000000000000fd0000c800
[   127.943] (II) modeset(0): 	c864000a202020202020000000fc0056
[   127.943] (II) modeset(0): 	424f58206d6f6e69746f720a00000010
[   127.943] (II) modeset(0): 	000a2020202020202020202020200068
[   127.969] (II) modeset(0): Printing probed modes for output VGA-1
[   127.969] (II) modeset(0): Modeline "1360x663"x60.0   72.73  1360 1424 1560 1760  663 666 676 689 -hsync +vsync (41.3 kHz P)
[   127.969] (II) modeset(0): Modeline "2560x1600"x60.0  348.50  2560 2752 3032 3504  1600 1603 1609 1658 -hsync +vsync (99.5 kHz e)
[   127.969] (II) modeset(0): Modeline "2560x1600"x60.0  268.50  2560 2608 2640 2720  1600 1603 1609 1646 +hsync -vsync (98.7 kHz e)
[   127.969] (II) modeset(0): Modeline "1920x1440"x60.0  234.00  1920 2048 2256 2600  1440 1441 1444 1500 -hsync +vsync (90.0 kHz e)
[   127.969] (II) modeset(0): Modeline "1856x1392"x60.0  218.25  1856 1952 2176 2528  1392 1393 1396 1439 -hsync +vsync (86.3 kHz e)
[   127.969] (II) modeset(0): Modeline "1792x1344"x60.0  204.75  1792 1920 2120 2448  1344 1345 1348 1394 -hsync +vsync (83.6 kHz e)
[   127.969] (II) modeset(0): Modeline "2048x1152"x60.0  162.00  2048 2074 2154 2250  1152 1153 1156 1200 +hsync +vsync (72.0 kHz e)
[   127.969] (II) modeset(0): Modeline "1920x1200"x59.9  193.25  1920 2056 2256 2592  1200 1203 1209 1245 -hsync +vsync (74.6 kHz e)
[   127.969] (II) modeset(0): Modeline "1920x1200"x60.0  154.00  1920 1968 2000 2080  1200 1203 1209 1235 +hsync -vsync (74.0 kHz e)
[   127.969] (II) modeset(0): Modeline "1920x1080"x60.0  148.50  1920 2008 2052 2200  1080 1084 1089 1125 -hsync -vsync (67.5 kHz e)
[   127.969] (II) modeset(0): Modeline "1600x1200"x60.0  162.00  1600 1664 1856 2160  1200 1201 1204 1250 +hsync +vsync (75.0 kHz e)
[   127.969] (II) modeset(0): Modeline "1680x1050"x60.0  146.25  1680 1784 1960 2240  1050 1053 1059 1089 -hsync +vsync (65.3 kHz e)
[   127.970] (II) modeset(0): Modeline "1680x1050"x59.9  119.00  1680 1728 1760 1840  1050 1053 1059 1080 +hsync -vsync (64.7 kHz e)
[   127.970] (II) modeset(0): Modeline "1400x1050"x60.0  121.75  1400 1488 1632 1864  1050 1053 1057 1089 -hsync +vsync (65.3 kHz e)
[   127.970] (II) modeset(0): Modeline "1400x1050"x59.9  101.00  1400 1448 1480 1560  1050 1053 1057 1080 +hsync -vsync (64.7 kHz e)
[   127.970] (II) modeset(0): Modeline "1600x900"x60.0  108.00  1600 1624 1704 1800  900 901 904 1000 +hsync +vsync (60.0 kHz e)
[   127.970] (II) modeset(0): Modeline "1280x1024"x60.0  108.00  1280 1328 1440 1688  1024 1025 1028 1066 +hsync +vsync (64.0 kHz e)
[   127.970] (II) modeset(0): Modeline "1440x900"x59.9  106.50  1440 1520 1672 1904  900 903 909 934 -hsync +vsync (55.9 kHz e)
[   127.970] (II) modeset(0): Modeline "1440x900"x59.9   88.75  1440 1488 1520 1600  900 903 909 926 +hsync -vsync (55.5 kHz e)
[   127.970] (II) modeset(0): Modeline "1280x960"x60.0  108.00  1280 1376 1488 1800  960 961 964 1000 +hsync +vsync (60.0 kHz e)
[   127.970] (II) modeset(0): Modeline "1366x768"x59.8   85.50  1366 1436 1579 1792  768 771 774 798 +hsync +vsync (47.7 kHz e)
[   127.970] (II) modeset(0): Modeline "1366x768"x60.0   72.00  1366 1380 1436 1500  768 769 772 800 +hsync +vsync (48.0 kHz e)
[   127.970] (II) modeset(0): Modeline "1360x768"x60.0   85.50  1360 1424 1536 1792  768 771 777 795 +hsync +vsync (47.7 kHz e)
[   127.970] (II) modeset(0): Modeline "1280x800"x59.8   83.50  1280 1352 1480 1680  800 803 809 831 -hsync +vsync (49.7 kHz e)
[   127.970] (II) modeset(0): Modeline "1280x800"x59.9   71.00  1280 1328 1360 1440  800 803 809 823 +hsync -vsync (49.3 kHz e)
[   127.976] (II) modeset(0): Modeline "1280x768"x59.9   79.50  1280 1344 1472 1664  768 771 778 798 -hsync +vsync (47.8 kHz e)
[   127.976] (II) modeset(0): Modeline "1280x768"x60.0   68.25  1280 1328 1360 1440  768 771 778 790 +hsync -vsync (47.4 kHz e)
[   127.976] (II) modeset(0): Modeline "1280x720"x60.0   74.25  1280 1390 1430 1650  720 725 730 750 +hsync +vsync (45.0 kHz e)
[   127.976] (II) modeset(0): Modeline "1024x768"x60.0   65.00  1024 1048 1184 1344  768 771 777 806 -hsync -vsync (48.4 kHz e)
[   127.976] (II) modeset(0): Modeline "800x600"x60.3   40.00  800 840 968 1056  600 601 605 628 +hsync +vsync (37.9 kHz e)
[   127.976] (II) modeset(0): Modeline "800x600"x56.2   36.00  800 824 896 1024  600 601 603 625 +hsync +vsync (35.2 kHz e)
[   127.976] (II) modeset(0): Modeline "848x480"x60.0   33.75  848 864 976 1088  480 486 494 517 +hsync +vsync (31.0 kHz e)
[   127.976] (II) modeset(0): Modeline "640x480"x59.9   25.18  640 656 752 800  480 490 492 525 -hsync -vsync (31.5 kHz e)
[   127.976] (II) modeset(0): Output VGA-1 connected
[   127.976] (II) modeset(0): Using exact sizes for initial modes
[   127.976] (II) modeset(0): Output VGA-1 using initial mode 1360x663 +0+0
[   127.976] (==) modeset(0): Using gamma correction (1.0, 1.0, 1.0)
[   127.976] (==) modeset(0): DPI set to (96, 96)
[   127.976] (II) Loading sub module "fb"
[   127.976] (II) LoadModule: "fb"
[   127.977] (II) Loading /usr/lib/xorg/modules/libfb.so
[   127.992] (II) Module fb: vendor="X.Org Foundation"
[   127.993] 	compiled for 1.19.6, module version = 1.0.0
[   127.993] 	ABI class: X.Org ANSI C Emulation, version 0.4
[   127.993] (II) UnloadModule: "fbdev"
[   127.993] (II) Unloading fbdev
[   127.993] (II) UnloadSubModule: "fbdevhw"
[   127.993] (II) Unloading fbdevhw
[   127.994] (II) UnloadModule: "vesa"
[   127.994] (II) Unloading vesa
[   127.994] (==) Depth 24 pixmap format is 32 bpp
[   127.999] (==) modeset(0): Backing store enabled
[   127.999] (==) modeset(0): Silken mouse enabled
[   128.001] (II) modeset(0): RandR 1.2 enabled, ignore the following RandR disabled message.
[   128.004] (==) modeset(0): DPMS enabled
[   128.004] (--) RandR disabled
[   128.027] (II) SELinux: Disabled on system
[   128.070] (II) AIGLX: Screen 0 is not DRI2 capable
[   128.071] (EE) AIGLX: reverting to software rendering
[   128.088] (II) IGLX: enabled GLX_MESA_copy_sub_buffer
[   128.096] (II) IGLX: Loaded and initialized swrast
[   128.097] (II) GLX: Initialized DRISWRAST GL provider for screen 0
[   128.104] (II) modeset(0): Damage tracking initialized
[   128.105] (II) modeset(0): Setting screen physical size to 359 x 175
[   128.492] (II) config/udev: Adding input device Power Button (/dev/input/event0)
[   128.493] (**) Power Button: Applying InputClass "libinput keyboard catchall"
[   128.493] (II) LoadModule: "libinput"
[   128.520] (II) Loading /usr/lib/xorg/modules/input/libinput_drv.so
[   128.636] (II) Module libinput: vendor="X.Org Foundation"
[   128.636] 	compiled for 1.19.6, module version = 0.27.1
[   128.637] 	Module class: X.Org XInput Driver
[   128.637] 	ABI class: X.Org XInput driver, version 24.1
[   128.637] (II) Using input driver 'libinput' for 'Power Button'
[   128.654] (II) systemd-logind: got fd for /dev/input/event0 13:64 fd 20 paused 0
[   128.656] (**) Power Button: always reports core events
[   128.656] (**) Option "Device" "/dev/input/event0"
[   128.662] (**) Option "_source" "server/udev"
[   128.685] (II) event0  - Power Button: is tagged by udev as: Keyboard
[   128.686] (II) event0  - Power Button: device is a keyboard
[   128.687] (II) event0  - Power Button: device removed
[   128.687] (**) Option "config_info" "udev:/sys/devices/LNXSYSTM:00/LNXPWRBN:00/input/input0/event0"
[   128.698] (II) XINPUT: Adding extended input device "Power Button" (type: KEYBOARD, id 6)
[   128.698] (**) Option "xkb_model" "pc105"
[   128.698] (**) Option "xkb_layout" "us"
[   128.725] (II) event0  - Power Button: is tagged by udev as: Keyboard
[   128.725] (II) event0  - Power Button: device is a keyboard
[   128.727] (II) config/udev: Adding input device Sleep Button (/dev/input/event1)
[   128.727] (**) Sleep Button: Applying InputClass "libinput keyboard catchall"
[   128.727] (II) Using input driver 'libinput' for 'Sleep Button'
[   128.738] (II) systemd-logind: got fd for /dev/input/event1 13:65 fd 23 paused 0
[   128.738] (**) Sleep Button: always reports core events
[   128.739] (**) Option "Device" "/dev/input/event1"
[   128.739] (**) Option "_source" "server/udev"
[   128.761] (II) event1  - Sleep Button: is tagged by udev as: Keyboard
[   128.761] (II) event1  - Sleep Button: device is a keyboard
[   128.761] (II) event1  - Sleep Button: device removed
[   128.761] (**) Option "config_info" "udev:/sys/devices/LNXSYSTM:00/LNXSLPBN:00/input/input1/event1"
[   128.761] (II) XINPUT: Adding extended input device "Sleep Button" (type: KEYBOARD, id 7)
[   128.761] (**) Option "xkb_model" "pc105"
[   128.761] (**) Option "xkb_layout" "us"
[   128.763] (II) event1  - Sleep Button: is tagged by udev as: Keyboard
[   128.763] (II) event1  - Sleep Button: device is a keyboard
[   128.875] (II) config/udev: Adding input device Video Bus (/dev/input/event3)
[   128.876] (**) Video Bus: Applying InputClass "libinput keyboard catchall"
[   128.878] (II) Using input driver 'libinput' for 'Video Bus'
[   128.883] (II) systemd-logind: got fd for /dev/input/event3 13:67 fd 24 paused 0
[   128.884] (**) Video Bus: always reports core events
[   128.884] (**) Option "Device" "/dev/input/event3"
[   128.886] (**) Option "_source" "server/udev"
[   128.892] (II) event3  - Video Bus: is tagged by udev as: Keyboard
[   128.893] (II) event3  - Video Bus: device is a keyboard
[   128.894] (II) event3  - Video Bus: device removed
[   128.894] (**) Option "config_info" "udev:/sys/devices/LNXSYSTM:00/LNXSYBUS:00/PNP0A03:00/LNXVIDEO:00/input/input4/event3"
[   128.897] (II) XINPUT: Adding extended input device "Video Bus" (type: KEYBOARD, id 8)
[   128.897] (**) Option "xkb_model" "pc105"
[   128.897] (**) Option "xkb_layout" "us"
[   128.907] (II) event3  - Video Bus: is tagged by udev as: Keyboard
[   128.912] (II) event3  - Video Bus: device is a keyboard
[   128.921] (II) config/udev: Adding input device VirtualBox mouse integration (/dev/input/event6)
[   128.924] (**) VirtualBox mouse integration: Applying InputClass "libinput pointer catchall"
[   128.925] (II) Using input driver 'libinput' for 'VirtualBox mouse integration'
[   128.930] (II) systemd-logind: got fd for /dev/input/event6 13:70 fd 25 paused 0
[   128.930] (**) VirtualBox mouse integration: always reports core events
[   128.932] (**) Option "Device" "/dev/input/event6"
[   128.933] (**) Option "_source" "server/udev"
[   128.941] (II) event6  - VirtualBox mouse integration: is tagged by udev as: Mouse
[   128.942] (II) event6  - VirtualBox mouse integration: device is a pointer
[   128.943] (II) event6  - VirtualBox mouse integration: device removed
[   128.945] (**) Option "config_info" "udev:/sys/devices/pci0000:00/0000:00:04.0/input/input7/event6"
[   128.947] (II) XINPUT: Adding extended input device "VirtualBox mouse integration" (type: MOUSE, id 9)
[   128.948] (**) Option "AccelerationScheme" "none"
[   128.950] (**) VirtualBox mouse integration: (accel) selected scheme none/0
[   128.950] (**) VirtualBox mouse integration: (accel) acceleration factor: 2.000
[   128.950] (**) VirtualBox mouse integration: (accel) acceleration threshold: 4
[   128.962] (II) event6  - VirtualBox mouse integration: is tagged by udev as: Mouse
[   128.962] (II) event6  - VirtualBox mouse integration: device is a pointer
[   128.973] (II) config/udev: Adding input device VirtualBox mouse integration (/dev/input/js1)
[   128.973] (II) No input driver specified, ignoring this device.
[   128.974] (II) This device may have been added with another device file.
[   129.063] (II) config/udev: Adding input device VirtualBox USB Tablet (/dev/input/event5)
[   129.065] (**) VirtualBox USB Tablet: Applying InputClass "libinput pointer catchall"
[   129.066] (II) Using input driver 'libinput' for 'VirtualBox USB Tablet'
[   129.132] (II) systemd-logind: got fd for /dev/input/event5 13:69 fd 26 paused 0
[   129.132] (**) VirtualBox USB Tablet: always reports core events
[   129.132] (**) Option "Device" "/dev/input/event5"
[   129.133] (**) Option "_source" "server/udev"
[   129.135] (II) event5  - VirtualBox USB Tablet: is tagged by udev as: Mouse
[   129.135] (II) event5  - VirtualBox USB Tablet: device is a pointer
[   129.135] (II) event5  - VirtualBox USB Tablet: device removed
[   129.136] (**) Option "config_info" "udev:/sys/devices/pci0000:00/0000:00:06.0/usb1/1-1/1-1:1.0/0003:80EE:0021.0001/input/input6/event5"
[   129.136] (II) XINPUT: Adding extended input device "VirtualBox USB Tablet" (type: MOUSE, id 10)
[   129.149] (**) Option "AccelerationScheme" "none"
[   129.149] (**) VirtualBox USB Tablet: (accel) selected scheme none/0
[   129.149] (**) VirtualBox USB Tablet: (accel) acceleration factor: 2.000
[   129.149] (**) VirtualBox USB Tablet: (accel) acceleration threshold: 4
[   129.152] (II) event5  - VirtualBox USB Tablet: is tagged by udev as: Mouse
[   129.152] (II) event5  - VirtualBox USB Tablet: device is a pointer
[   129.210] (II) config/udev: Adding input device VirtualBox USB Tablet (/dev/input/js0)
[   129.211] (II) No input driver specified, ignoring this device.
[   129.212] (II) This device may have been added with another device file.
[   129.238] (II) config/udev: Adding input device VirtualBox USB Tablet (/dev/input/mouse1)
[   129.239] (II) No input driver specified, ignoring this device.
[   129.239] (II) This device may have been added with another device file.
[   129.252] (II) config/udev: Adding input device AT Translated Set 2 keyboard (/dev/input/event2)
[   129.254] (**) AT Translated Set 2 keyboard: Applying InputClass "libinput keyboard catchall"
[   129.255] (II) Using input driver 'libinput' for 'AT Translated Set 2 keyboard'
[   129.272] (II) systemd-logind: got fd for /dev/input/event2 13:66 fd 27 paused 0
[   129.275] (**) AT Translated Set 2 keyboard: always reports core events
[   129.275] (**) Option "Device" "/dev/input/event2"
[   129.275] (**) Option "_source" "server/udev"
[   129.290] (II) event2  - AT Translated Set 2 keyboard: is tagged by udev as: Keyboard
[   129.290] (II) event2  - AT Translated Set 2 keyboard: device is a keyboard
[   129.291] (II) event2  - AT Translated Set 2 keyboard: device removed
[   129.293] (**) Option "config_info" "udev:/sys/devices/platform/i8042/serio0/input/input2/event2"
[   129.294] (II) XINPUT: Adding extended input device "AT Translated Set 2 keyboard" (type: KEYBOARD, id 11)
[   129.294] (**) Option "xkb_model" "pc105"
[   129.296] (**) Option "xkb_layout" "us"
[   129.313] (II) event2  - AT Translated Set 2 keyboard: is tagged by udev as: Keyboard
[   129.314] (II) event2  - AT Translated Set 2 keyboard: device is a keyboard
[   129.329] (II) config/udev: Adding input device ImExPS/2 Generic Explorer Mouse (/dev/input/event4)
[   129.330] (**) ImExPS/2 Generic Explorer Mouse: Applying InputClass "libinput pointer catchall"
[   129.330] (II) Using input driver 'libinput' for 'ImExPS/2 Generic Explorer Mouse'
[   129.336] (II) systemd-logind: got fd for /dev/input/event4 13:68 fd 28 paused 0
[   129.337] (**) ImExPS/2 Generic Explorer Mouse: always reports core events
[   129.338] (**) Option "Device" "/dev/input/event4"
[   129.339] (**) Option "_source" "server/udev"
[   129.352] (II) event4  - ImExPS/2 Generic Explorer Mouse: is tagged by udev as: Mouse
[   129.353] (II) event4  - ImExPS/2 Generic Explorer Mouse: device is a pointer
[   129.356] (II) event4  - ImExPS/2 Generic Explorer Mouse: device removed
[   129.360] (**) Option "config_info" "udev:/sys/devices/platform/i8042/serio1/input/input5/event4"
[   129.363] (II) XINPUT: Adding extended input device "ImExPS/2 Generic Explorer Mouse" (type: MOUSE, id 12)
[   129.372] (**) Option "AccelerationScheme" "none"
[   129.373] (**) ImExPS/2 Generic Explorer Mouse: (accel) selected scheme none/0
[   129.374] (**) ImExPS/2 Generic Explorer Mouse: (accel) acceleration factor: 2.000
[   129.374] (**) ImExPS/2 Generic Explorer Mouse: (accel) acceleration threshold: 4
[   129.380] (II) event4  - ImExPS/2 Generic Explorer Mouse: is tagged by udev as: Mouse
[   129.381] (II) event4  - ImExPS/2 Generic Explorer Mouse: device is a pointer
[   129.392] (II) config/udev: Adding input device ImExPS/2 Generic Explorer Mouse (/dev/input/mouse0)
[   129.393] (II) No input driver specified, ignoring this device.
[   129.393] (II) This device may have been added with another device file.
[   137.992] (II) modeset(0): EDID vendor "VBX", prod id 0
[   137.993] (II) modeset(0): DDCModeFromDetailedTiming: 1366x663 Warning: We only handle separate sync.
[   137.993] (II) modeset(0): Using EDID range info for horizontal sync
[   137.993] (II) modeset(0): Using EDID range info for vertical refresh
